1643273671221	mozrunner::runner	INFO	Running command: "C:\\Program Files\\Mozilla Firefox\\firefox.exe" "-marionette" "-foreground" "-no-remote" "-profile" "C:\\Users\\Администратор\\AppData\\Local\\Temp\\rust_mozprofileIOGfEF"
1643273796189	mozrunner::runner	INFO	Running command: "C:\\Program Files\\Mozilla Firefox\\firefox.exe" "-marionette" "-foreground" "-no-remote" "-profile" "C:\\Users\\Администратор\\AppData\\Local\\Temp\\rust_mozprofileu0vb4w"
1643273796664	Marionette	INFO	Marionette enabled
JavaScript error: resource://gre/modules/XULStore.jsm, line 66: Error: Can't find profile directory.
console.warn: SearchSettings: "get: No settings file exists, new profile?" (new NotFoundError("Could not open the file at C:\\Users\\\u0410\u0434\u043C\u0438\u043D\u0438\u0441\u0442\u0440\u0430\u0442\u043E\u0440\\AppData\\Local\\Temp\\rust_mozprofileu0vb4w\\search.json.mozlz4", (void 0)))
1643273799409	Marionette	INFO	Listening on port 51746
1643273799845	RemoteAgent	WARN	TLS certificate errors will be ignored for this session
JavaScript error: https://newassets.hcaptcha.com/captcha/v1/44fc726/hcaptcha-checkbox.js, line 3: Error: Chat requires unique id to communicate between windows
1643273804659	Marionette	INFO	Stopped listening on port 51746
console.warn: TopSitesFeed: Failed to fetch data from Contile server: NetworkError when attempting to fetch resource.
JavaScript error: chrome://remote/content/marionette/cert.js, line 55: NS_ERROR_NOT_AVAILABLE: Component returned failure code: 0x80040111 (NS_ERROR_NOT_AVAILABLE) [nsICertOverrideService.setDisableAllSecurityChecksAndLetAttackersInterceptMyData]
1643273893856	mozrunner::runner	INFO	Running command: "C:\\Program Files\\Mozilla Firefox\\firefox.exe" "-marionette" "-foreground" "-no-remote" "-profile" "C:\\Users\\Администратор\\AppData\\Local\\Temp\\rust_mozprofilenKLydp"
1643273894324	Marionette	INFO	Marionette enabled
JavaScript error: resource://gre/modules/XULStore.jsm, line 66: Error: Can't find profile directory.
console.warn: SearchSettings: "get: No settings file exists, new profile?" (new NotFoundError("Could not open the file at C:\\Users\\\u0410\u0434\u043C\u0438\u043D\u0438\u0441\u0442\u0440\u0430\u0442\u043E\u0440\\AppData\\Local\\Temp\\rust_mozprofilenKLydp\\search.json.mozlz4", (void 0)))
1643273896961	Marionette	INFO	Listening on port 51871
1643273897006	RemoteAgent	WARN	TLS certificate errors will be ignored for this session
JavaScript error: https://newassets.hcaptcha.com/captcha/v1/44fc726/hcaptcha-challenge.js, line 3: Error: Chat requires unique id to communicate between windows
console.error: (new InvalidStateError("JSWindowActorChild.sendAsyncMessage: JSWindowActorChild cannot send at the moment", (void 0), 335))
InvalidStateError: JSWindowActorChild.sendAsyncMessage: JSWindowActorChild cannot send at the moment: _createTargetActor/<@resource://devtools/server/connectors/js-window-actor/DevToolsFrameChild.jsm:335:12
newListener@resource://devtools/shared/event-emitter.js:173:27
_emit@resource://devtools/shared/event-emitter.js:244:34
emit@resource://devtools/shared/event-emitter.js:190:18
emit@resource://devtools/shared/event-emitter.js:342:18
destroy@resource://devtools/server/actors/targets/window-global.js:733:10
module.exports/proto.destroy@resource://devtools/server/actors/targets/target-actor-mixin.js:242:30
instantiate@resource://devtools/server/connectors/js-window-actor/DevToolsFrameChild.jsm:242:26
handleEvent@resource://devtools/server/connectors/js-window-actor/DevToolsFrameChild.jsm:650:12

JavaScript error: https://newassets.hcaptcha.com/captcha/v1/44fc726/hcaptcha-challenge.js, line 3: Error: Chat requires unique id to communicate between windows
JavaScript error: resource://gre/modules/AsyncShutdown.jsm, line 575: NotFoundError: No such JSWindowActor 'DevToolsFrame'
1643273945004	Marionette	INFO	Stopped listening on port 51871
console.warn: TopSitesFeed: Failed to fetch data from Contile server: NetworkError when attempting to fetch resource.
JavaScript error: chrome://remote/content/marionette/cert.js, line 55: NS_ERROR_NOT_AVAILABLE: Component returned failure code: 0x80040111 (NS_ERROR_NOT_AVAILABLE) [nsICertOverrideService.setDisableAllSecurityChecksAndLetAttackersInterceptMyData]
1643274028241	mozrunner::runner	INFO	Running command: "C:\\Program Files\\Mozilla Firefox\\firefox.exe" "-marionette" "-foreground" "-no-remote" "-profile" "C:\\Users\\Администратор\\AppData\\Local\\Temp\\rust_mozprofileL1fsch"
1643274028720	Marionette	INFO	Marionette enabled
JavaScript error: resource://gre/modules/XULStore.jsm, line 66: Error: Can't find profile directory.
console.warn: SearchSettings: "get: No settings file exists, new profile?" (new NotFoundError("Could not open the file at C:\\Users\\\u0410\u0434\u043C\u0438\u043D\u0438\u0441\u0442\u0440\u0430\u0442\u043E\u0440\\AppData\\Local\\Temp\\rust_mozprofileL1fsch\\search.json.mozlz4", (void 0)))
1643274031461	Marionette	INFO	Listening on port 52004
1643274031894	RemoteAgent	WARN	TLS certificate errors will be ignored for this session
JavaScript error: https://newassets.hcaptcha.com/captcha/v1/44fc726/hcaptcha-challenge.js, line 3: Error: Chat requires unique id to communicate between windows
JavaScript error: https://newassets.hcaptcha.com/captcha/v1/44fc726/hcaptcha-checkbox.js, line 3: Error: Chat requires unique id to communicate between windows
console.error: (new InvalidStateError("JSWindowActorChild.sendAsyncMessage: JSWindowActorChild cannot send at the moment", (void 0), 335))
InvalidStateError: JSWindowActorChild.sendAsyncMessage: JSWindowActorChild cannot send at the moment: _createTargetActor/<@resource://devtools/server/connectors/js-window-actor/DevToolsFrameChild.jsm:335:12
newListener@resource://devtools/shared/event-emitter.js:173:27
_emit@resource://devtools/shared/event-emitter.js:244:34
emit@resource://devtools/shared/event-emitter.js:190:18
emit@resource://devtools/shared/event-emitter.js:342:18
destroy@resource://devtools/server/actors/targets/window-global.js:733:10
module.exports/proto.destroy@resource://devtools/server/actors/targets/target-actor-mixin.js:242:30
instantiate@resource://devtools/server/connectors/js-window-actor/DevToolsFrameChild.jsm:242:26
handleEvent@resource://devtools/server/connectors/js-window-actor/DevToolsFrameChild.jsm:650:12

JavaScript error: https://newassets.hcaptcha.com/captcha/v1/44fc726/hcaptcha-checkbox.js, line 3: Error: Chat requires unique id to communicate between windows
JavaScript error: resource://gre/modules/AsyncShutdown.jsm, line 575: NotFoundError: No such JSWindowActor 'DevToolsFrame'
1643274068147	Marionette	INFO	Stopped listening on port 52004
console.warn: TopSitesFeed: Failed to fetch data from Contile server: NetworkError when attempting to fetch resource.
JavaScript error: chrome://remote/content/marionette/cert.js, line 55: NS_ERROR_NOT_AVAILABLE: Component returned failure code: 0x80040111 (NS_ERROR_NOT_AVAILABLE) [nsICertOverrideService.setDisableAllSecurityChecksAndLetAttackersInterceptMyData]

###!!! [Parent][RunMessage] Error: Channel closing: too late to send/recv, messages will be lost

1643275840470	mozrunner::runner	INFO	Running command: "C:\\Program Files\\Mozilla Firefox\\firefox.exe" "-marionette" "-foreground" "-no-remote" "-profile" "C:\\Users\\Администратор\\AppData\\Local\\Temp\\rust_mozprofile2eJoCI"
1643275840970	Marionette	INFO	Marionette enabled
JavaScript error: resource://gre/modules/XULStore.jsm, line 66: Error: Can't find profile directory.
console.warn: SearchSettings: "get: No settings file exists, new profile?" (new NotFoundError("Could not open the file at C:\\Users\\\u0410\u0434\u043C\u0438\u043D\u0438\u0441\u0442\u0440\u0430\u0442\u043E\u0440\\AppData\\Local\\Temp\\rust_mozprofile2eJoCI\\search.json.mozlz4", (void 0)))
1643275843673	Marionette	INFO	Listening on port 52694
1643275844138	RemoteAgent	WARN	TLS certificate errors will be ignored for this session
JavaScript warning: https://discord.com/assets/94a3fdb698a4ee5a9555.js, line 3635: unreachable code after return statement
JavaScript warning: https://discord.com/assets/94a3fdb698a4ee5a9555.js, line 3636: unreachable code after return statement
1643275851542	Marionette	INFO	Stopped listening on port 52694
console.warn: TopSitesFeed: Failed to fetch data from Contile server: NetworkError when attempting to fetch resource.
JavaScript error: chrome://remote/content/marionette/cert.js, line 55: NS_ERROR_NOT_AVAILABLE: Component returned failure code: 0x80040111 (NS_ERROR_NOT_AVAILABLE) [nsICertOverrideService.setDisableAllSecurityChecksAndLetAttackersInterceptMyData]
1643276089140	mozrunner::runner	INFO	Running command: "C:\\Program Files\\Mozilla Firefox\\firefox.exe" "-marionette" "-foreground" "-no-remote" "-profile" "C:\\Users\\Администратор\\AppData\\Local\\Temp\\rust_mozprofileKGsWuW"
1643276089669	Marionette	INFO	Marionette enabled
JavaScript error: resource://gre/modules/XULStore.jsm, line 66: Error: Can't find profile directory.
console.warn: SearchSettings: "get: No settings file exists, new profile?" (new NotFoundError("Could not open the file at C:\\Users\\\u0410\u0434\u043C\u0438\u043D\u0438\u0441\u0442\u0440\u0430\u0442\u043E\u0440\\AppData\\Local\\Temp\\rust_mozprofileKGsWuW\\search.json.mozlz4", (void 0)))
1643276092793	Marionette	INFO	Listening on port 52827
1643276093313	RemoteAgent	WARN	TLS certificate errors will be ignored for this session
JavaScript warning: https://discord.com/assets/94a3fdb698a4ee5a9555.js, line 3635: unreachable code after return statement
JavaScript warning: https://discord.com/assets/94a3fdb698a4ee5a9555.js, line 3636: unreachable code after return statement
console.warn: LoginRecipes: "getRecipes: falling back to a synchronous message for:" "https://discord.com"
console.error: (new InvalidStateError("JSWindowActorChild.sendAsyncMessage: JSWindowActorChild cannot send at the moment", (void 0), 335))
InvalidStateError: JSWindowActorChild.sendAsyncMessage: JSWindowActorChild cannot send at the moment: _createTargetActor/<@resource://devtools/server/connectors/js-window-actor/DevToolsFrameChild.jsm:335:12
newListener@resource://devtools/shared/event-emitter.js:173:27
_emit@resource://devtools/shared/event-emitter.js:244:34
emit@resource://devtools/shared/event-emitter.js:190:18
emit@resource://devtools/shared/event-emitter.js:342:18
destroy@resource://devtools/server/actors/targets/window-global.js:733:10
module.exports/proto.destroy@resource://devtools/server/actors/targets/target-actor-mixin.js:242:30
instantiate@resource://devtools/server/connectors/js-window-actor/DevToolsFrameChild.jsm:242:26
handleEvent@resource://devtools/server/connectors/js-window-actor/DevToolsFrameChild.jsm:650:12

JavaScript warning: https://discord.com/assets/94a3fdb698a4ee5a9555.js, line 3635: unreachable code after return statement
JavaScript warning: https://discord.com/assets/94a3fdb698a4ee5a9555.js, line 3636: unreachable code after return statement
JavaScript error: resource://gre/modules/AsyncShutdown.jsm, line 575: NotFoundError: No such JSWindowActor 'DevToolsFrame'
JavaScript error: resource://gre/modules/AsyncShutdown.jsm, line 575: NotFoundError: No such JSWindowActor 'DevToolsFrame'
1643276112008	Marionette	INFO	Stopped listening on port 52827
console.error: "stylesheets: fetch failed for https://discord.com/assets/532.bdd79bbf5fee0b015e68.css, using system principal instead."
console.error: "stylesheets: fetch failed for https://discord.com/assets/532.bdd79bbf5fee0b015e68.css, using system principal instead."
console.warn: TopSitesFeed: Failed to fetch data from Contile server: NetworkError when attempting to fetch resource.
console.error: "Error while calling actor 'pagestyle's method 'getApplied'" "Failed to fetch https://discord.com/assets/532.bdd79bbf5fee0b015e68.css. Code 2147746065."
console.error: (new Error("Failed to fetch https://discord.com/assets/532.bdd79bbf5fee0b015e68.css. Code 2147746065.", "resource://devtools/shared/DevToolsUtils.js", 556))
console.error: "Error while calling actor 'pagestyle's method 'getApplied'" "Failed to fetch https://discord.com/assets/532.bdd79bbf5fee0b015e68.css. Code 2147746065."
console.error: (new Error("Failed to fetch https://discord.com/assets/532.bdd79bbf5fee0b015e68.css. Code 2147746065.", "resource://devtools/shared/DevToolsUtils.js", 556))
console.error: "Tried to send a 'getLayout' method reply on an already destroyed actor 'pagestyle'"
JavaScript error: chrome://remote/content/marionette/cert.js, line 55: NS_ERROR_NOT_AVAILABLE: Component returned failure code: 0x80040111 (NS_ERROR_NOT_AVAILABLE) [nsICertOverrideService.setDisableAllSecurityChecksAndLetAttackersInterceptMyData]
1643276406696	mozrunner::runner	INFO	Running command: "C:\\Program Files\\Mozilla Firefox\\firefox.exe" "-marionette" "-foreground" "-no-remote" "-profile" "C:\\Users\\Администратор\\AppData\\Local\\Temp\\rust_mozprofiled7hwJh"
1643276407190	Marionette	INFO	Marionette enabled
JavaScript error: resource://gre/modules/XULStore.jsm, line 66: Error: Can't find profile directory.
console.warn: SearchSettings: "get: No settings file exists, new profile?" (new NotFoundError("Could not open the file at C:\\Users\\\u0410\u0434\u043C\u0438\u043D\u0438\u0441\u0442\u0440\u0430\u0442\u043E\u0440\\AppData\\Local\\Temp\\rust_mozprofiled7hwJh\\search.json.mozlz4", (void 0)))
1643276410079	Marionette	INFO	Listening on port 52912
1643276410354	RemoteAgent	WARN	TLS certificate errors will be ignored for this session
JavaScript warning: https://discord.com/assets/94a3fdb698a4ee5a9555.js, line 3635: unreachable code after return statement
JavaScript warning: https://discord.com/assets/94a3fdb698a4ee5a9555.js, line 3636: unreachable code after return statement
console.warn: LoginRecipes: "getRecipes: falling back to a synchronous message for:" "https://discord.com"
console.warn: LoginRecipes: "getRecipes: falling back to a synchronous message for:" "https://discord.com"
JavaScript error: resource://gre/modules/LoginManagerParent.jsm, line 136: TypeError: gRecipeManager is null
1643276458168	Marionette	INFO	Stopped listening on port 52912
console.warn: TopSitesFeed: Failed to fetch data from Contile server: NetworkError when attempting to fetch resource.
JavaScript error: chrome://remote/content/marionette/cert.js, line 55: NS_ERROR_NOT_AVAILABLE: Component returned failure code: 0x80040111 (NS_ERROR_NOT_AVAILABLE) [nsICertOverrideService.setDisableAllSecurityChecksAndLetAttackersInterceptMyData]

###!!! [Parent][RunMessage] Error: Channel closing: too late to send/recv, messages will be lost

1644737317741	mozrunner::runner	INFO	Running command: "C:\\Program Files\\Mozilla Firefox\\firefox.exe" "-marionette" "-foreground" "-no-remote" "-profile" "C:\\Users\\Администратор\\AppData\\Local\\Temp\\rust_mozprofileypkYZT"
1644737356582	mozrunner::runner	INFO	Running command: "C:\\Program Files\\Mozilla Firefox\\firefox.exe" "-marionette" "-foreground" "-no-remote" "-profile" "C:\\Users\\Администратор\\AppData\\Local\\Temp\\rust_mozprofile9tX6ZX"
1644737357099	Marionette	INFO	Marionette enabled
JavaScript error: resource://gre/modules/XULStore.jsm, line 66: Error: Can't find profile directory.
console.warn: SearchSettings: "get: No settings file exists, new profile?" (new NotFoundError("Could not open the file at C:\\Users\\\u0410\u0434\u043C\u0438\u043D\u0438\u0441\u0442\u0440\u0430\u0442\u043E\u0440\\AppData\\Local\\Temp\\rust_mozprofile9tX6ZX\\search.json.mozlz4", (void 0)))
1644737359736	Marionette	INFO	Listening on port 53119
1644737359797	RemoteAgent	WARN	TLS certificate errors will be ignored for this session
JavaScript warning: https://discord.com/assets/94571374b37c183de5fd.js, line 1910: unreachable code after return statement
JavaScript warning: https://discord.com/assets/94571374b37c183de5fd.js, line 3675: unreachable code after return statement
JavaScript warning: https://discord.com/assets/94571374b37c183de5fd.js, line 3675: unreachable code after return statement
console.warn: LoginRecipes: "getRecipes: falling back to a synchronous message for:" "https://discord.com"
1644737436166	mozrunner::runner	INFO	Running command: "C:\\Program Files\\Mozilla Firefox\\firefox.exe" "-marionette" "-foreground" "-no-remote" "-profile" "C:\\Users\\Администратор\\AppData\\Local\\Temp\\rust_mozprofileD64WjJ"
1644737436676	Marionette	INFO	Marionette enabled
JavaScript error: resource://gre/modules/XULStore.jsm, line 66: Error: Can't find profile directory.
console.warn: SearchSettings: "get: No settings file exists, new profile?" (new NotFoundError("Could not open the file at C:\\Users\\\u0410\u0434\u043C\u0438\u043D\u0438\u0441\u0442\u0440\u0430\u0442\u043E\u0440\\AppData\\Local\\Temp\\rust_mozprofileD64WjJ\\search.json.mozlz4", (void 0)))
1644737439290	Marionette	INFO	Listening on port 53227
1644737439361	RemoteAgent	WARN	TLS certificate errors will be ignored for this session
JavaScript warning: https://discord.com/assets/94571374b37c183de5fd.js, line 1910: unreachable code after return statement
JavaScript warning: https://discord.com/assets/94571374b37c183de5fd.js, line 3675: unreachable code after return statement
JavaScript warning: https://discord.com/assets/94571374b37c183de5fd.js, line 3675: unreachable code after return statement
console.warn: LoginRecipes: "getRecipes: falling back to a synchronous message for:" "https://discord.com"
JavaScript error: https://discord.com/assets/e67c8f83ba985e065ab2.js, line 19: TypeError: this._el is null
1644737456130	Marionette	INFO	Stopped listening on port 53227

###!!! [Parent][PGPUParent] Error: RunMessage(msgname=PGPU::Msg_ShutdownVR) Channel closing: too late to send/recv, messages will be lost

1644737482516	mozrunner::runner	INFO	Running command: "C:\\Program Files\\Mozilla Firefox\\firefox.exe" "-marionette" "-foreground" "-no-remote" "-profile" "C:\\Users\\Администратор\\AppData\\Local\\Temp\\rust_mozprofileWPYcXj"
1644737483013	Marionette	INFO	Marionette enabled
JavaScript error: resource://gre/modules/XULStore.jsm, line 66: Error: Can't find profile directory.
console.warn: SearchSettings: "get: No settings file exists, new profile?" (new NotFoundError("Could not open the file at C:\\Users\\\u0410\u0434\u043C\u0438\u043D\u0438\u0441\u0442\u0440\u0430\u0442\u043E\u0440\\AppData\\Local\\Temp\\rust_mozprofileWPYcXj\\search.json.mozlz4", (void 0)))
1644737485721	Marionette	INFO	Listening on port 53320
1644737486174	RemoteAgent	WARN	TLS certificate errors will be ignored for this session
JavaScript warning: https://discord.com/assets/94571374b37c183de5fd.js, line 1910: unreachable code after return statement
JavaScript warning: https://discord.com/assets/94571374b37c183de5fd.js, line 3675: unreachable code after return statement
JavaScript warning: https://discord.com/assets/94571374b37c183de5fd.js, line 3675: unreachable code after return statement
console.warn: LoginRecipes: "getRecipes: falling back to a synchronous message for:" "https://discord.com"
JavaScript error: https://discord.com/assets/e67c8f83ba985e065ab2.js, line 19: TypeError: this._el is null
1644737553241	Marionette	INFO	Stopped listening on port 53320

###!!! [Parent][PGPUParent] Error: RunMessage(msgname=PGPU::Msg_ShutdownVR) Channel closing: too late to send/recv, messages will be lost

ocal\\Temp\\rust_mozprofileXxc8u1"
1644737528792	Marionette	INFO	Marionette enabled
JavaScript error: resource://gre/modules/XULStore.jsm, line 66: Error: Can't find profile directory.
console.warn: SearchSettings: "get: No settings file exists, new profile?" (new NotFoundError("Could not open the file at C:\\Users\\\u0410\u0434\u043C\u0438\u043D\u0438\u0441\u0442\u0440\u0430\u0442\u043E\u0440\\AppData\\Local\\Temp\\rust_mozprofileXxc8u1\\search.json.mozlz4", (void 0)))
1644737531316	Marionette	INFO	Listening on port 53414
1644737531475	RemoteAgent	WARN	TLS certificate errors will be ignored for this session
JavaScript warning: https://discord.com/assets/94571374b37c183de5fd.js, line 1910: unreachable code after return statement
JavaScript warning: https://discord.com/assets/94571374b37c183de5fd.js, line 3675: unreachable code after return statement
JavaScript warning: https://discord.com/assets/94571374b37c183de5fd.js, line 3675: unreachable code after return statement
console.warn: LoginRecipes: "getRecipes: falling back to a synchronous message for:" "https://discord.com"
1644737554005	Marionette	INFO	Stopped listening on port 53414

###!!! [Parent][PContentParent] Error: Send(msgname=PContent::Msg_DestroyBrowsingContextGroup) Closed channel: cannot send/recv

JavaScript error: chrome://remote/content/marionette/cert.js, line 55: NS_ERROR_NOT_AVAILABLE: Component returned failure code: 0x80040111 (NS_ERROR_NOT_AVAILABLE) [nsICertOverrideService.setDisableAllSecurityChecksAndLetAttackersInterceptMyData]
1644737589720	mozrunner::runner	INFO	Running command: "C:\\Program Files\\Mozilla Firefox\\firefox.exe" "-marionette" "-foreground" "-no-remote" "-profile" "C:\\Users\\Администратор\\AppData\\Local\\Temp\\rust_mozprofile94Xy2N"
1644737590248	Marionette	INFO	Marionette enabled
JavaScript error: resource://gre/modules/XULStore.jsm, line 66: Error: Can't find profile directory.
console.warn: SearchSettings: "get: No settings file exists, new profile?" (new NotFoundError("Could not open the file at C:\\Users\\\u0410\u0434\u043C\u0438\u043D\u0438\u0441\u0442\u0440\u0430\u0442\u043E\u0440\\AppData\\Local\\Temp\\rust_mozprofile94Xy2N\\search.json.mozlz4", (void 0)))
1644737592911	Marionette	INFO	Listening on port 53517
1644737593387	RemoteAgent	WARN	TLS certificate errors will be ignored for this session
JavaScript warning: https://discord.com/assets/94571374b37c183de5fd.js, line 1910: unreachable code after return statement
JavaScript warning: https://discord.com/assets/94571374b37c183de5fd.js, line 3675: unreachable code after return statement
JavaScript warning: https://discord.com/assets/94571374b37c183de5fd.js, line 3675: unreachable code after return statement
console.warn: LoginRecipes: "getRecipes: falling back to a synchronous message for:" "https://discord.com"
console.warn: LoginRecipes: "getRecipes: falling back to a synchronous message for:" "https://discord.com"
JavaScript error: resource://gre/modules/LoginManagerParent.jsm, line 136: TypeError: gRecipeManager is null
1644737628520	Marionette	INFO	Stopped listening on port 53517
1644739665161	mozrunner::runner	INFO	Running command: "C:\\Program Files\\Mozilla Firefox\\firefox.exe" "-marionette" "-foreground" "-no-remote" "-profile" "C:\\Users\\Администратор\\AppData\\Local\\Temp\\rust_mozprofileeIkZ03"
1644739665741	Marionette	INFO	Marionette enabled
JavaScript error: resource://gre/modules/XULStore.jsm, line 66: Error: Can't find profile directory.
console.warn: SearchSettings: "get: No settings file exists, new profile?" (new NotFoundError("Could not open the file at C:\\Users\\\u0410\u0434\u043C\u0438\u043D\u0438\u0441\u0442\u0440\u0430\u0442\u043E\u0440\\AppData\\Local\\Temp\\rust_mozprofileeIkZ03\\search.json.mozlz4", (void 0)))
1644739668616	Marionette	INFO	Listening on port 52117
1644739668839	RemoteAgent	WARN	TLS certificate errors will be ignored for this session
1644739675161	Marionette	WARN	Ignoring event 'pageshow' because document has an invalid readyState of 'uninitialized'.
1644739695977	Marionette	INFO	Stopped listening on port 52117
1644743632188	mozrunner::runner	INFO	Running command: "C:\\Program Files\\Mozilla Firefox\\firefox.exe" "-marionette" "-foreground" "-no-remote" "-profile" "C:\\Users\\Администратор\\AppData\\Local\\Temp\\rust_mozprofile7fChAd"
1644743632733	Marionette	INFO	Marionette enabled
JavaScript error: resource://gre/modules/XULStore.jsm, line 66: Error: Can't find profile directory.
console.warn: SearchSettings: "get: No settings file exists, new profile?" (new NotFoundError("Could not open the file at C:\\Users\\\u0410\u0434\u043C\u0438\u043D\u0438\u0441\u0442\u0440\u0430\u0442\u043E\u0440\\AppData\\Local\\Temp\\rust_mozprofile7fChAd\\search.json.mozlz4", (void 0)))
1644743635410	Marionette	INFO	Listening on port 51465
1644743635857	RemoteAgent	WARN	TLS certificate errors will be ignored for this session
1644743642199	Marionette	WARN	Ignoring event 'pageshow' because document has an invalid readyState of 'uninitialized'.
1644743649566	Marionette	INFO	Stopped listening on port 51465

###!!! [Parent][PGPUParent] Error: RunMessage(msgname=PGPU::Msg_ShutdownVR) Channel closing: too late to send/recv, messages will be lost

1644743678438	mozrunner::runner	INFO	Running command: "C:\\Program Files\\Mozilla Firefox\\firefox.exe" "-marionette" "-foreground" "-no-remote" "-profile" "C:\\Users\\Администратор\\AppData\\Local\\Temp\\rust_mozprofileqes3uN"
1644743679002	Marionette	INFO	Marionette enabled
JavaScript error: resource://gre/modules/XULStore.jsm, line 66: Error: Can't find profile directory.
console.warn: SearchSettings: "get: No settings file exists, new profile?" (new NotFoundError("Could not open the file at C:\\Users\\\u0410\u0434\u043C\u0438\u043D\u0438\u0441\u0442\u0440\u0430\u0442\u043E\u0440\\AppData\\Local\\Temp\\rust_mozprofileqes3uN\\search.json.mozlz4", (void 0)))
1644743681755	Marionette	INFO	Listening on port 51554
1644743682114	RemoteAgent	WARN	TLS certificate errors will be ignored for this session
1644743685687	Marionette	INFO	Stopped listening on port 51554
JavaScript error: chrome://remote/content/marionette/cert.js, line 55: NS_ERROR_NOT_AVAILABLE: Component returned failure code: 0x80040111 (NS_ERROR_NOT_AVAILABLE) [nsICertOverrideService.setDisableAllSecurityChecksAndLetAttackersInterceptMyData]

###!!! [Parent][PGPUParent] Error: RunMessage(msgname=PGPU::Msg_ShutdownVR) Channel closing: too late to send/recv, messages will be lost

1644743716123	mozrunner::runner	INFO	Running command: "C:\\Program Files\\Mozilla Firefox\\firefox.exe" "-marionette" "-foreground" "-no-remote" "-profile" "C:\\Users\\Администратор\\AppData\\Local\\Temp\\rust_mozprofilenh19Sd"
1644743716662	Marionette	INFO	Marionette enabled
JavaScript error: resource://gre/modules/XULStore.jsm, line 66: Error: Can't find profile directory.
console.warn: SearchSettings: "get: No settings file exists, new profile?" (new NotFoundError("Could not open the file at C:\\Users\\\u0410\u0434\u043C\u0438\u043D\u0438\u0441\u0442\u0440\u0430\u0442\u043E\u0440\\AppData\\Local\\Temp\\rust_mozprofilenh19Sd\\search.json.mozlz4", (void 0)))
1644743719180	Marionette	INFO	Listening on port 51632
1644743719300	RemoteAgent	WARN	TLS certificate errors will be ignored for this session
console.warn: services.settings: main/whats-new-panel sync interrupted by shutdown
1644743719733	Marionette	INFO	Stopped listening on port 51632
[Parent 10272, IPC I/O Parent] WARNING: file /builds/worker/checkouts/gecko/ipc/chromium/src/base/process_util_win.cc:167
console.error: Region.jsm: "Error fetching region" (new TypeError("NetworkError when attempting to fetch resource.", ""))
console.error: Region.jsm: "Failed to fetch region" (new Error("NO_RESULT", "resource://gre/modules/Region.jsm", 419))
JavaScript error: chrome://remote/content/marionette/cert.js, line 55: NS_ERROR_NOT_AVAILABLE: Component returned failure code: 0x80040111 (NS_ERROR_NOT_AVAILABLE) [nsICertOverrideService.setDisableAllSecurityChecksAndLetAttackersInterceptMyData]
1644743736997	mozrunner::runner	INFO	Running command: "C:\\Program Files\\Mozilla Firefox\\firefox.exe" "-marionette" "-foreground" "-no-remote" "-profile" "C:\\Users\\Администратор\\AppData\\Local\\Temp\\rust_mozprofiletXxLzW"
1644743737605	Marionette	INFO	Marionette enabled
JavaScript error: resource://gre/modules/XULStore.jsm, line 66: Error: Can't find profile directory.
console.warn: SearchSettings: "get: No settings file exists, new profile?" (new NotFoundError("Could not open the file at C:\\Users\\\u0410\u0434\u043C\u0438\u043D\u0438\u0441\u0442\u0440\u0430\u0442\u043E\u0440\\AppData\\Local\\Temp\\rust_mozprofiletXxLzW\\search.json.mozlz4", (void 0)))
1644743740175	Marionette	INFO	Listening on port 51687
1644743740666	RemoteAgent	WARN	TLS certificate errors will be ignored for this session
1644743745611	Marionette	INFO	Stopped listening on port 51687
JavaScript error: chrome://remote/content/marionette/cert.js, line 55: NS_ERROR_NOT_AVAILABLE: Component returned failure code: 0x80040111 (NS_ERROR_NOT_AVAILABLE) [nsICertOverrideService.setDisableAllSecurityChecksAndLetAttackersInterceptMyData]

###!!! [Parent][PGPUParent] Error: RunMessage(msgname=PGPU::Msg_ShutdownVR) Channel closing: too late to send/recv, messages will be lost

1644745504228	mozrunner::runner	INFO	Running command: "C:\\Program Files\\Mozilla Firefox\\firefox.exe" "-marionette" "-foreground" "-no-remote" "-profile" "C:\\Users\\Администратор\\AppData\\Local\\Temp\\rust_mozprofileyU4gFO"
1644745504777	Marionette	INFO	Marionette enabled
JavaScript error: resource://gre/modules/XULStore.jsm, line 66: Error: Can't find profile directory.
console.warn: SearchSettings: "get: No settings file exists, new profile?" (new NotFoundError("Could not open the file at C:\\Users\\\u0410\u0434\u043C\u0438\u043D\u0438\u0441\u0442\u0440\u0430\u0442\u043E\u0440\\AppData\\Local\\Temp\\rust_mozprofileyU4gFO\\search.json.mozlz4", (void 0)))
1644745507350	Marionette	INFO	Listening on port 54428
1644745507410	RemoteAgent	WARN	TLS certificate errors will be ignored for this session
console.error: (new InvalidStateError("JSWindowActorChild.sendAsyncMessage: JSWindowActorChild cannot send at the moment", (void 0), 327))
InvalidStateError: JSWindowActorChild.sendAsyncMessage: JSWindowActorChild cannot send at the moment: _createTargetActor/<@resource://devtools/server/connectors/js-window-actor/DevToolsFrameChild.jsm:327:12
newListener@resource://devtools/shared/event-emitter.js:173:27
_emit@resource://devtools/shared/event-emitter.js:244:34
emit@resource://devtools/shared/event-emitter.js:190:18
emit@resource://devtools/shared/event-emitter.js:342:18
destroy@resource://devtools/server/actors/targets/window-global.js:743:10
module.exports/proto.destroy@resource://devtools/server/actors/targets/target-actor-mixin.js:244:30
instantiate@resource://devtools/server/connectors/js-window-actor/DevToolsFrameChild.jsm:242:26
handleEvent@resource://devtools/server/connectors/js-window-actor/DevToolsFrameChild.jsm:651:12

Handler function threw an exception: [Exception... "Component returned failure code: 0x80040111 (NS_ERROR_NOT_AVAILABLE) [nsIHttpChannelInternal.remoteAddress]"  nsresult: "0x80040111 (NS_ERROR_NOT_AVAILABLE)"  location: "JS frame :: resource://devtools/server/actors/network-monitor/network-observer.js :: _onResponseHeader :: line 990"  data: no]
Stack: _onResponseHeader@resource://devtools/server/actors/network-monitor/network-observer.js:990:5
_dispatchActivity@resource://devtools/server/actors/network-monitor/network-observer.js:563:14
NetworkObserver.prototype.observeActivity<@resource://devtools/server/actors/network-monitor/network-observer.js:672:12
exports.makeInfallible/<@resource://devtools/shared/ThreadSafeDevToolsUtils.js:103:22
Line: 990, column: 0
console.error: ({})
JavaScript error: resource://gre/modules/AsyncShutdown.jsm, line 575: NotFoundError: No such JSWindowActor 'DevToolsFrame'
JavaScript error: resource://gre/modules/AsyncShutdown.jsm, line 575: NotFoundError: No such JSWindowActor 'DevToolsFrame'
JavaScript error: resource://gre/modules/AsyncShutdown.jsm, line 575: NotFoundError: No such JSWindowActor 'DevToolsFrame'
1644745658918	Marionette	INFO	Stopped listening on port 54428

###!!! [Parent][PContentParent] Error: Send(msgname=PContent::Msg_DestroyBrowsingContextGroup) Closed channel: cannot send/recv

JavaScript error: chrome://remote/content/marionette/cert.js, line 55: NS_ERROR_NOT_AVAILABLE: Component returned failure code: 0x80040111 (NS_ERROR_NOT_AVAILABLE) [nsICertOverrideService.setDisableAllSecurityChecksAndLetAttackersInterceptMyData]
1644745677398	mozrunner::runner	INFO	Running command: "C:\\Program Files\\Mozilla Firefox\\firefox.exe" "-marionette" "-foreground" "-no-remote" "-profile" "C:\\Users\\Администратор\\AppData\\Local\\Temp\\rust_mozprofileBg8bPE"
1644745677993	Marionette	INFO	Marionette enabled
JavaScript error: resource://gre/modules/XULStore.jsm, line 66: Error: Can't find profile directory.
console.warn: SearchSettings: "get: No settings file exists, new profile?" (new NotFoundError("Could not open the file at C:\\Users\\\u0410\u0434\u043C\u0438\u043D\u0438\u0441\u0442\u0440\u0430\u0442\u043E\u0440\\AppData\\Local\\Temp\\rust_mozprofileBg8bPE\\search.json.mozlz4", (void 0)))
1644745680649	Marionette	INFO	Listening on port 54592
1644745681087	RemoteAgent	WARN	TLS certificate errors will be ignored for this session
JavaScript error: resource://gre/modules/AsyncShutdown.jsm, line 575: NotFoundError: No such JSWindowActor 'DevToolsFrame'
JavaScript error: resource://gre/modules/AsyncShutdown.jsm, line 575: NotFoundError: No such JSWindowActor 'DevToolsFrame'
JavaScript error: resource://gre/modules/AsyncShutdown.jsm, line 575: NotFoundError: No such JSWindowActor 'DevToolsFrame'
1644745748597	Marionette	INFO	Stopped listening on port 54592

###!!! [Parent][PContentParent] Error: Send(msgname=PContent::Msg_DestroyBrowsingContextGroup) Closed channel: cannot send/recv

JavaScript error: chrome://remote/content/marionette/cert.js, line 55: NS_ERROR_NOT_AVAILABLE: Component returned failure code: 0x80040111 (NS_ERROR_NOT_AVAILABLE) [nsICertOverrideService.setDisableAllSecurityChecksAndLetAttackersInterceptMyData]
1644745763872	mozrunner::runner	INFO	Running command: "C:\\Program Files\\Mozilla Firefox\\firefox.exe" "-marionette" "-foreground" "-no-remote" "-profile" "C:\\Users\\Администратор\\AppData\\Local\\Temp\\rust_mozprofile82nlLL"
1644745764398	Marionette	INFO	Marionette enabled
JavaScript error: resource://gre/modules/XULStore.jsm, line 66: Error: Can't find profile directory.
console.warn: SearchSettings: "get: No settings file exists, new profile?" (new NotFoundError("Could not open the file at C:\\Users\\\u0410\u0434\u043C\u0438\u043D\u0438\u0441\u0442\u0440\u0430\u0442\u043E\u0440\\AppData\\Local\\Temp\\rust_mozprofile82nlLL\\search.json.mozlz4", (void 0)))
1644745767030	Marionette	INFO	Listening on port 54703
1644745767060	RemoteAgent	WARN	TLS certificate errors will be ignored for this session
1644745832364	Marionette	INFO	Stopped listening on port 54703
ram Files\\Mozilla Firefox\\firefox.exe" "-marionette" "-foreground" "-no-remote" "-profile" "C:\\Users\\Администратор\\AppData\\Local\\Temp\\rust_mozprofilenKtyPf"
1644745823949	Marionette	INFO	Marionette enabled
JavaScript error: resource://gre/modules/XULStore.jsm, line 66: Error: Can't find profile directory.
console.warn: SearchSettings: "get: No settings file exists, new profile?" (new NotFoundError("Could not open the file at C:\\Users\\\u0410\u0434\u043C\u0438\u043D\u0438\u0441\u0442\u0440\u0430\u0442\u043E\u0440\\AppData\\Local\\Temp\\rust_mozprofilenKtyPf\\search.json.mozlz4", (void 0)))
1644745826518	Marionette	INFO	Listening on port 54803
1644745826583	RemoteAgent	WARN	TLS certificate errors will be ignored for this session
1644745876745	Marionette	INFO	Stopped listening on port 54803

###!!! [Parent][PContentParent] Error: Send(msgname=PContent::Msg_DestroyBrowsingContextGroup) Closed channel: cannot send/recv

JavaScript error: chrome://remote/content/marionette/cert.js, line 55: NS_ERROR_NOT_AVAILABLE: Component returned failure code: 0x80040111 (NS_ERROR_NOT_AVAILABLE) [nsICertOverrideService.setDisableAllSecurityChecksAndLetAttackersInterceptMyData]
